<?xml version="1.0" encoding="UTF-8"?>
<!-- Generated by org.testng.reporters.JUnitReportReporter -->
<testsuite skipped="0" hostname="Sagniks-MBP.fios-router.home" name="com.sagnik80.Global.BaseData" tests="1" failures="0" timestamp="22 Apr 2018 21:33:29 GMT" time="0.009" errors="0">
  <testcase name="pURL" time="0.009" classname="com.sagnik80.Global.BaseData"/>
</testsuite> <!-- com.sagnik80.Global.BaseData -->
