<?xml version="1.0" encoding="UTF-8"?>
<!-- Generated by org.testng.reporters.JUnitReportReporter -->
<testsuite skipped="0" hostname="Sagniks-MBP.fios-router.home" name="com.sagnik80.StepDefinitions.GetTDMTest" tests="1" failures="0" timestamp="22 Apr 2018 22:39:35 GMT" time="0.008" errors="0">
  <testcase name="name" time="0.008" classname="com.sagnik80.StepDefinitions.GetTDMTest"/>
</testsuite> <!-- com.sagnik80.StepDefinitions.GetTDMTest -->
