<?xml version="1.0" encoding="UTF-8"?>
<!-- Generated by org.testng.reporters.JUnitReportReporter -->
<testsuite skipped="0" hostname="Sagniks-MBP.fios-router.home" name="com.sagnik80.StepDefinitions.Get" tests="1" failures="0" timestamp="22 Apr 2018 22:21:08 GMT" time="0.009" errors="0">
  <testcase name="getS" time="0.009" classname="com.sagnik80.StepDefinitions.Get"/>
</testsuite> <!-- com.sagnik80.StepDefinitions.Get -->
